<?xml version="1.0" encoding="UTF-8"?>
<!-- Generated by org.testng.reporters.JUnitReportReporter -->
<testsuite hostname="DESKTOP-UNVGE05" failures="0" tests="1" name="testCases.TC_001_AccountRegistrationTest" time="3.211" errors="0" timestamp="2023-04-22T11:08:36 AEST" skipped="0">
  <testcase classname="testCases.TC_001_AccountRegistrationTest" name="test_account_Registration" time="3.211"/>
  <system-out/>
</testsuite> <!-- testCases.TC_001_AccountRegistrationTest -->
